This is pdfTeX, Version 3.141592653-2.6-1.40.24 (MiKTeX 21.12) (preloaded format=pdflatex 2022.1.11)  14 APR 2024 18:11
entering extended mode
 restricted \write18 enabled.
 %&-line parsing enabled.
**./main.tex
(main.tex
LaTeX2e <2021-11-15> patch level 1
L3 programming layer <2021-11-22>
(C:\Users\Kendall Saborio\AppData\Local\Programs\MiKTeX\tex/latex/base\article.
cls
Document Class: article 2021/10/04 v1.4n Standard LaTeX document class

(C:\Users\Kendall Saborio\AppData\Local\Programs\MiKTeX\tex/latex/base\size12.c
lo
File: size12.clo 2021/10/04 v1.4n Standard LaTeX file (size option)
)
\c@part=\count183
\c@section=\count184
\c@subsection=\count185
\c@subsubsection=\count186
\c@paragraph=\count187
\c@subparagraph=\count188
\c@figure=\count189
\c@table=\count190
\abovecaptionskip=\skip47
\belowcaptionskip=\skip48
\bibindent=\dimen138
)
(C:\Users\Kendall Saborio\AppData\Local\Programs\MiKTeX\tex/latex/geometry\geom
etry.sty
Package: geometry 2020/01/02 v5.9 Page Geometry

(C:\Users\Kendall Saborio\AppData\Local\Programs\MiKTeX\tex/latex/graphics\keyv
al.sty
Package: keyval 2014/10/28 v1.15 key=value parser (DPC)
\KV@toks@=\toks16
)
(C:\Users\Kendall Saborio\AppData\Local\Programs\MiKTeX\tex/generic/iftex\ifvte
x.sty
Package: ifvtex 2019/10/25 v1.7 ifvtex legacy package. Use iftex instead.

(C:\Users\Kendall Saborio\AppData\Local\Programs\MiKTeX\tex/generic/iftex\iftex
.sty
Package: iftex 2020/03/06 v1.0d TeX engine tests
))
\Gm@cnth=\count191
\Gm@cntv=\count192
\c@Gm@tempcnt=\count193
\Gm@bindingoffset=\dimen139
\Gm@wd@mp=\dimen140
\Gm@odd@mp=\dimen141
\Gm@even@mp=\dimen142
\Gm@layoutwidth=\dimen143
\Gm@layoutheight=\dimen144
\Gm@layouthoffset=\dimen145
\Gm@layoutvoffset=\dimen146
\Gm@dimlist=\toks17

(C:\Users\Kendall Saborio\AppData\Local\Programs\MiKTeX\tex/latex/geometry\geom
etry.cfg))
(C:\Users\Kendall Saborio\AppData\Local\Programs\MiKTeX\tex/generic/babel\babel
.sty
Package: babel 2021/11/29 3.67 The Babel package
\babel@savecnt=\count194
\U@D=\dimen147
\l@unhyphenated=\language79

(C:\Users\Kendall Saborio\AppData\Local\Programs\MiKTeX\tex/generic/babel\txtba
bel.def)
\bbl@readstream=\read2
\bbl@dirlevel=\count195

*************************************
* Local config file bblopts.cfg used
*

(C:\Users\Kendall Saborio\AppData\Local\Programs\MiKTeX\tex/latex/arabi\bblopts
.cfg
File: bblopts.cfg 2005/09/08 v0.1 add Arabic and Farsi to "declared" options of
 babel
)
(C:\Users\Kendall Saborio\AppData\Local\Programs\MiKTeX\tex/latex/babel-spanish
\spanish.ldf
Language: spanish.ldf 2021/05/27 v5.0q Spanish support from the babel system
\es@quottoks=\toks18
\es@quotdepth=\count196
Package babel Info: Making " an active character on input line 570.
Package babel Info: Making . an active character on input line 675.
Package babel Info: Making < an active character on input line 722.
Package babel Info: Making > an active character on input line 722.
))
LaTeX Info: Redefining \. on input line 8.
LaTeX Info: Redefining \% on input line 8.

(C:\Users\Kendall Saborio\AppData\Local\Programs\MiKTeX\tex/latex/base\inputenc
.sty
Package: inputenc 2021/02/14 v1.3d Input encoding file
\inpenc@prehook=\toks19
\inpenc@posthook=\toks20
)
(C:\Users\Kendall Saborio\AppData\Local\Programs\MiKTeX\tex/latex/graphics\grap
hicx.sty
Package: graphicx 2021/09/16 v1.2d Enhanced LaTeX Graphics (DPC,SPQR)

(C:\Users\Kendall Saborio\AppData\Local\Programs\MiKTeX\tex/latex/graphics\grap
hics.sty
Package: graphics 2021/03/04 v1.4d Standard LaTeX Graphics (DPC,SPQR)

(C:\Users\Kendall Saborio\AppData\Local\Programs\MiKTeX\tex/latex/graphics\trig
.sty
Package: trig 2021/08/11 v1.11 sin cos tan (DPC)
)
(C:\Users\Kendall Saborio\AppData\Local\Programs\MiKTeX\tex/latex/graphics-cfg\
graphics.cfg
File: graphics.cfg 2016/06/04 v1.11 sample graphics configuration
)
Package graphics Info: Driver file: pdftex.def on input line 107.

(C:\Users\Kendall Saborio\AppData\Local\Programs\MiKTeX\tex/latex/graphics-def\
pdftex.def
File: pdftex.def 2020/10/05 v1.2a Graphics/color driver for pdftex
))
\Gin@req@height=\dimen148
\Gin@req@width=\dimen149
)
(C:\Users\Kendall Saborio\AppData\Local\Programs\MiKTeX\tex/latex/setspace\sets
pace.sty
Package: setspace 2011/12/19 v6.7a set line spacing
)
(C:\Users\Kendall Saborio\AppData\Local\Programs\MiKTeX\tex/latex/psnfss\helvet
.sty
Package: helvet 2020/03/25 PSNFSS-v9.3 (WaS) 
)
(C:\Users\Kendall Saborio\AppData\Local\Programs\MiKTeX\tex/latex/caption\capti
on.sty
Package: caption 2020/10/26 v3.5g Customizing captions (AR)

(C:\Users\Kendall Saborio\AppData\Local\Programs\MiKTeX\tex/latex/caption\capti
on3.sty
Package: caption3 2020/10/21 v2.2e caption3 kernel (AR)
\captionmargin=\dimen150
\captionmargin@=\dimen151
\captionwidth=\dimen152
\caption@tempdima=\dimen153
\caption@indent=\dimen154
\caption@parindent=\dimen155
\caption@hangindent=\dimen156
Package caption Info: Standard document class detected.
)
\c@caption@flags=\count197
\c@continuedfloat=\count198
)
(C:\Users\Kendall Saborio\AppData\Local\Programs\MiKTeX\tex/latex/amsmath\amsma
th.sty
Package: amsmath 2021/10/15 v2.17l AMS math features
\@mathmargin=\skip49

For additional information on amsmath, use the `?' option.

(C:\Users\Kendall Saborio\AppData\Local\Programs\MiKTeX\tex/latex/amsmath\amste
xt.sty
Package: amstext 2021/08/26 v2.01 AMS text

(C:\Users\Kendall Saborio\AppData\Local\Programs\MiKTeX\tex/latex/amsmath\amsge
n.sty
File: amsgen.sty 1999/11/30 v2.0 generic functions
\@emptytoks=\toks21
\ex@=\dimen157
))
(C:\Users\Kendall Saborio\AppData\Local\Programs\MiKTeX\tex/latex/amsmath\amsbs
y.sty
Package: amsbsy 1999/11/29 v1.2d Bold Symbols
\pmbraise@=\dimen158
)
(C:\Users\Kendall Saborio\AppData\Local\Programs\MiKTeX\tex/latex/amsmath\amsop
n.sty
Package: amsopn 2021/08/26 v2.02 operator names
)
\inf@bad=\count199
LaTeX Info: Redefining \frac on input line 234.
\uproot@=\count266
\leftroot@=\count267
LaTeX Info: Redefining \overline on input line 399.
\classnum@=\count268
\DOTSCASE@=\count269
LaTeX Info: Redefining \ldots on input line 496.
LaTeX Info: Redefining \dots on input line 499.
LaTeX Info: Redefining \cdots on input line 620.
\Mathstrutbox@=\box50
\strutbox@=\box51
\big@size=\dimen159
LaTeX Font Info:    Redeclaring font encoding OML on input line 743.
LaTeX Font Info:    Redeclaring font encoding OMS on input line 744.
\macc@depth=\count270
\c@MaxMatrixCols=\count271
\dotsspace@=\muskip16
\c@parentequation=\count272
\dspbrk@lvl=\count273
\tag@help=\toks22
\row@=\count274
\column@=\count275
\maxfields@=\count276
\andhelp@=\toks23
\eqnshift@=\dimen160
\alignsep@=\dimen161
\tagshift@=\dimen162
\tagwidth@=\dimen163
\totwidth@=\dimen164
\lineht@=\dimen165
\@envbody=\toks24
\multlinegap=\skip50
\multlinetaggap=\skip51
\mathdisplay@stack=\toks25
LaTeX Info: Redefining \[ on input line 2938.
LaTeX Info: Redefining \] on input line 2939.
)
(C:\Users\Kendall Saborio\AppData\Local\Programs\MiKTeX\tex/latex/amsfonts\amss
ymb.sty
Package: amssymb 2013/01/14 v3.01 AMS font symbols

(C:\Users\Kendall Saborio\AppData\Local\Programs\MiKTeX\tex/latex/amsfonts\amsf
onts.sty
Package: amsfonts 2013/01/14 v3.01 Basic AMSFonts support
\symAMSa=\mathgroup4
\symAMSb=\mathgroup5
LaTeX Font Info:    Redeclaring math symbol \hbar on input line 98.
LaTeX Font Info:    Overwriting math alphabet `\mathfrak' in version `bold'
(Font)                  U/euf/m/n --> U/euf/b/n on input line 106.
))
(C:\Users\Kendall Saborio\AppData\Local\Programs\MiKTeX\tex/latex/tools\multico
l.sty
Package: multicol 2021/10/28 v1.9b multicolumn formatting (FMi)
\c@tracingmulticols=\count277
\mult@box=\box52
\multicol@leftmargin=\dimen166
\c@unbalance=\count278
\c@collectmore=\count279
\doublecol@number=\count280
\multicoltolerance=\count281
\multicolpretolerance=\count282
\full@width=\dimen167
\page@free=\dimen168
\premulticols=\dimen169
\postmulticols=\dimen170
\multicolsep=\skip52
\multicolbaselineskip=\skip53
\partial@page=\box53
\last@line=\box54
\maxbalancingoverflow=\dimen171
\mult@rightbox=\box55
\mult@grightbox=\box56
\mult@firstbox=\box57
\mult@gfirstbox=\box58
\@tempa=\box59
\@tempa=\box60
\@tempa=\box61
\@tempa=\box62
\@tempa=\box63
\@tempa=\box64
\@tempa=\box65
\@tempa=\box66
\@tempa=\box67
\@tempa=\box68
\@tempa=\box69
\@tempa=\box70
\@tempa=\box71
\@tempa=\box72
\@tempa=\box73
\@tempa=\box74
\@tempa=\box75
\@tempa=\box76
\@tempa=\box77
\@tempa=\box78
\@tempa=\box79
\@tempa=\box80
\@tempa=\box81
\@tempa=\box82
\@tempa=\box83
\@tempa=\box84
\@tempa=\box85
\@tempa=\box86
\@tempa=\box87
\@tempa=\box88
\@tempa=\box89
\@tempa=\box90
\@tempa=\box91
\@tempa=\box92
\@tempa=\box93
\@tempa=\box94
\c@minrows=\count283
\c@columnbadness=\count284
\c@finalcolumnbadness=\count285
\last@try=\dimen172
\multicolovershoot=\dimen173
\multicolundershoot=\dimen174
\mult@nat@firstbox=\box95
\colbreak@box=\box96
\mc@col@check@num=\count286
)
(C:\Users\Kendall Saborio\AppData\Local\Programs\MiKTeX\tex/latex/cancel\cancel
.sty
Package: cancel 2013/04/12 v2.2 Cancel math terms
)
(C:\Users\Kendall Saborio\AppData\Local\Programs\MiKTeX\tex/latex/placeins\plac
eins.sty
Package: placeins 2005/04/18  v 2.2
)
(C:\Users\Kendall Saborio\AppData\Local\Programs\MiKTeX\tex/latex/float\float.s
ty
Package: float 2001/11/08 v1.3d Float enhancements (AL)
\c@float@type=\count287
\float@exts=\toks26
\float@box=\box97
\@float@everytoks=\toks27
\@floatcapt=\box98
)
(C:\Users\Kendall Saborio\AppData\Local\Programs\MiKTeX\tex/latex/pdfpages\pdfp
ages.sty
Package: pdfpages 2021/03/06 v0.5t Insert pages of external PDF documents (AM)

(C:\Users\Kendall Saborio\AppData\Local\Programs\MiKTeX\tex/latex/base\ifthen.s
ty
Package: ifthen 2020/11/24 v1.1c Standard LaTeX ifthen package (DPC)
)
(C:\Users\Kendall Saborio\AppData\Local\Programs\MiKTeX\tex/latex/tools\calc.st
y
Package: calc 2017/05/25 v4.3 Infix arithmetic (KKT,FJ)
\calc@Acount=\count288
\calc@Bcount=\count289
\calc@Adimen=\dimen175
\calc@Bdimen=\dimen176
\calc@Askip=\skip54
\calc@Bskip=\skip55
LaTeX Info: Redefining \setlength on input line 80.
LaTeX Info: Redefining \addtolength on input line 81.
\calc@Ccount=\count290
\calc@Cskip=\skip56
)
(C:\Users\Kendall Saborio\AppData\Local\Programs\MiKTeX\tex/latex/eso-pic\eso-p
ic.sty
Package: eso-pic 2020/10/14 v3.0a eso-pic (RN)
\ESO@tempdima=\dimen177
\ESO@tempdimb=\dimen178

(C:\Users\Kendall Saborio\AppData\Local\Programs\MiKTeX\tex/latex/xcolor\xcolor
.sty
Package: xcolor 2021/10/31 v2.13 LaTeX color extensions (UK)

(C:\Users\Kendall Saborio\AppData\Local\Programs\MiKTeX\tex/latex/graphics-cfg\
color.cfg
File: color.cfg 2016/01/02 v1.6 sample color configuration
)
Package xcolor Info: Driver file: pdftex.def on input line 227.
Package xcolor Info: Model `cmy' substituted by `cmy0' on input line 1352.
Package xcolor Info: Model `hsb' substituted by `rgb' on input line 1356.
Package xcolor Info: Model `RGB' extended on input line 1368.
Package xcolor Info: Model `HTML' substituted by `rgb' on input line 1370.
Package xcolor Info: Model `Hsb' substituted by `hsb' on input line 1371.
Package xcolor Info: Model `tHsb' substituted by `hsb' on input line 1372.
Package xcolor Info: Model `HSB' substituted by `hsb' on input line 1373.
Package xcolor Info: Model `Gray' substituted by `gray' on input line 1374.
Package xcolor Info: Model `wave' substituted by `hsb' on input line 1375.
))
\AM@pagewidth=\dimen179
\AM@pageheight=\dimen180
\AM@fboxrule=\dimen181

(C:\Users\Kendall Saborio\AppData\Local\Programs\MiKTeX\tex/latex/pdfpages\pppd
ftex.def
File: pppdftex.def 2021/03/06 v0.5t Pdfpages driver for pdfTeX (AM)
)
\pdfpages@includegraphics@status=\count291
\AM@pagebox=\box99
\AM@global@opts=\toks28
\AM@pagecnt=\count292
\AM@toc@title=\toks29
\c@AM@survey=\count293
\AM@templatesizebox=\box100
)
(C:\Users\Kendall Saborio\AppData\Local\Programs\MiKTeX\tex/latex/hyperref\hype
rref.sty
Package: hyperref 2021-06-07 v7.00m Hypertext links for LaTeX

(C:\Users\Kendall Saborio\AppData\Local\Programs\MiKTeX\tex/generic/ltxcmds\ltx
cmds.sty
Package: ltxcmds 2020-05-10 v1.25 LaTeX kernel commands for general use (HO)
)
(C:\Users\Kendall Saborio\AppData\Local\Programs\MiKTeX\tex/generic/pdftexcmds\
pdftexcmds.sty
Package: pdftexcmds 2020-06-27 v0.33 Utility functions of pdfTeX for LuaTeX (HO
)

(C:\Users\Kendall Saborio\AppData\Local\Programs\MiKTeX\tex/generic/infwarerr\i
nfwarerr.sty
Package: infwarerr 2019/12/03 v1.5 Providing info/warning/error messages (HO)
)
Package pdftexcmds Info: \pdf@primitive is available.
Package pdftexcmds Info: \pdf@ifprimitive is available.
Package pdftexcmds Info: \pdfdraftmode found.
)
(C:\Users\Kendall Saborio\AppData\Local\Programs\MiKTeX\tex/generic/kvsetkeys\k
vsetkeys.sty
Package: kvsetkeys 2019/12/15 v1.18 Key value parser (HO)
)
(C:\Users\Kendall Saborio\AppData\Local\Programs\MiKTeX\tex/generic/kvdefinekey
s\kvdefinekeys.sty
Package: kvdefinekeys 2019-12-19 v1.6 Define keys (HO)
)
(C:\Users\Kendall Saborio\AppData\Local\Programs\MiKTeX\tex/generic/pdfescape\p
dfescape.sty
Package: pdfescape 2019/12/09 v1.15 Implements pdfTeX's escape features (HO)
)
(C:\Users\Kendall Saborio\AppData\Local\Programs\MiKTeX\tex/latex/hycolor\hycol
or.sty
Package: hycolor 2020-01-27 v1.10 Color options for hyperref/bookmark (HO)
)
(C:\Users\Kendall Saborio\AppData\Local\Programs\MiKTeX\tex/latex/letltxmacro\l
etltxmacro.sty
Package: letltxmacro 2019/12/03 v1.6 Let assignment for LaTeX macros (HO)
)
(C:\Users\Kendall Saborio\AppData\Local\Programs\MiKTeX\tex/latex/auxhook\auxho
ok.sty
Package: auxhook 2019-12-17 v1.6 Hooks for auxiliary files (HO)
)
(C:\Users\Kendall Saborio\AppData\Local\Programs\MiKTeX\tex/latex/kvoptions\kvo
ptions.sty
Package: kvoptions 2020-10-07 v3.14 Key value format for package options (HO)
)
\@linkdim=\dimen182
\Hy@linkcounter=\count294
\Hy@pagecounter=\count295

(C:\Users\Kendall Saborio\AppData\Local\Programs\MiKTeX\tex/latex/hyperref\pd1e
nc.def
File: pd1enc.def 2021-06-07 v7.00m Hyperref: PDFDocEncoding definition (HO)
Now handling font encoding PD1 ...
... no UTF-8 mapping file for font encoding PD1
)
(C:\Users\Kendall Saborio\AppData\Local\Programs\MiKTeX\tex/latex/hyperref\hype
rref-langpatches.def
File: hyperref-langpatches.def 2021-06-07 v7.00m Hyperref: patches for babel la
nguages
)
(C:\Users\Kendall Saborio\AppData\Local\Programs\MiKTeX\tex/generic/intcalc\int
calc.sty
Package: intcalc 2019/12/15 v1.3 Expandable calculations with integers (HO)
)
(C:\Users\Kendall Saborio\AppData\Local\Programs\MiKTeX\tex/generic/etexcmds\et
excmds.sty
Package: etexcmds 2019/12/15 v1.7 Avoid name clashes with e-TeX commands (HO)
)
\Hy@SavedSpaceFactor=\count296

(C:\Users\Kendall Saborio\AppData\Local\Programs\MiKTeX\tex/latex/hyperref\puen
c.def
File: puenc.def 2021-06-07 v7.00m Hyperref: PDF Unicode definition (HO)
Now handling font encoding PU ...
... no UTF-8 mapping file for font encoding PU
)
Package hyperref Info: Hyper figures OFF on input line 4192.
Package hyperref Info: Link nesting OFF on input line 4197.
Package hyperref Info: Hyper index ON on input line 4200.
Package hyperref Info: Plain pages OFF on input line 4207.
Package hyperref Info: Backreferencing OFF on input line 4212.
Package hyperref Info: Implicit mode ON; LaTeX internals redefined.
Package hyperref Info: Bookmarks ON on input line 4445.
\c@Hy@tempcnt=\count297

(C:\Users\Kendall Saborio\AppData\Local\Programs\MiKTeX\tex/latex/url\url.sty
\Urlmuskip=\muskip17
Package: url 2013/09/16  ver 3.4  Verb mode for urls, etc.
)
LaTeX Info: Redefining \url on input line 4804.
\XeTeXLinkMargin=\dimen183

(C:\Users\Kendall Saborio\AppData\Local\Programs\MiKTeX\tex/generic/bitset\bits
et.sty
Package: bitset 2019/12/09 v1.3 Handle bit-vector datatype (HO)

(C:\Users\Kendall Saborio\AppData\Local\Programs\MiKTeX\tex/generic/bigintcalc\
bigintcalc.sty
Package: bigintcalc 2019/12/15 v1.5 Expandable calculations on big integers (HO
)
))
\Fld@menulength=\count298
\Field@Width=\dimen184
\Fld@charsize=\dimen185
Package hyperref Info: Hyper figures OFF on input line 6076.
Package hyperref Info: Link nesting OFF on input line 6081.
Package hyperref Info: Hyper index ON on input line 6084.
Package hyperref Info: backreferencing OFF on input line 6091.
Package hyperref Info: Link coloring OFF on input line 6096.
Package hyperref Info: Link coloring with OCG OFF on input line 6101.
Package hyperref Info: PDF/A mode OFF on input line 6106.
LaTeX Info: Redefining \ref on input line 6146.
LaTeX Info: Redefining \pageref on input line 6150.

(C:\Users\Kendall Saborio\AppData\Local\Programs\MiKTeX\tex/latex/base\atbegshi
-ltx.sty
Package: atbegshi-ltx 2021/01/10 v1.0c Emulation of the original atbegshi
package with kernel methods
)
\Hy@abspage=\count299
\c@Item=\count300
\c@Hfootnote=\count301
)
Package hyperref Info: Driver (autodetected): hpdftex.

(C:\Users\Kendall Saborio\AppData\Local\Programs\MiKTeX\tex/latex/hyperref\hpdf
tex.def
File: hpdftex.def 2021-06-07 v7.00m Hyperref driver for pdfTeX

(C:\Users\Kendall Saborio\AppData\Local\Programs\MiKTeX\tex/latex/base\atveryen
d-ltx.sty
Package: atveryend-ltx 2020/08/19 v1.0a Emulation of the original atveryend pac
kage
with kernel methods
)
\Fld@listcount=\count302
\c@bookmark@seq@number=\count303

(C:\Users\Kendall Saborio\AppData\Local\Programs\MiKTeX\tex/latex/rerunfilechec
k\rerunfilecheck.sty
Package: rerunfilecheck 2019/12/05 v1.9 Rerun checks for auxiliary files (HO)

(C:\Users\Kendall Saborio\AppData\Local\Programs\MiKTeX\tex/generic/uniquecount
er\uniquecounter.sty
Package: uniquecounter 2019/12/15 v1.4 Provide unlimited unique counter (HO)
)
Package uniquecounter Info: New unique counter `rerunfilecheck' on input line 2
86.
)
\Hy@SectionHShift=\skip57
)
Package hyperref Info: Option `colorlinks' set `true' on input line 30.
LaTeX Font Info:    Trying to load font information for OT1+phv on input line 3
8.

(C:\Users\Kendall Saborio\AppData\Local\Programs\MiKTeX\tex/latex/psnfss\ot1phv
.fd
File: ot1phv.fd 2020/03/25 scalable font definitions for OT1/phv.
)
LaTeX Font Info:    Font shape `OT1/phv/m/n' will be
(Font)              scaled to size 11.39996pt on input line 38.

(C:\Users\Kendall Saborio\AppData\Local\Programs\MiKTeX\tex/latex/l3backend\l3b
ackend-pdftex.def
File: l3backend-pdftex.def 2021-10-18 L3 backend support: PDF output (pdfTeX)
\l__color_backend_stack_int=\count304
\l__pdf_internal_box=\box101
)
No file main.aux.
\openout1 = `main.aux'.

LaTeX Font Info:    Checking defaults for OML/cmm/m/it on input line 38.
LaTeX Font Info:    ... okay on input line 38.
LaTeX Font Info:    Checking defaults for OMS/cmsy/m/n on input line 38.
LaTeX Font Info:    ... okay on input line 38.
LaTeX Font Info:    Checking defaults for OT1/cmr/m/n on input line 38.
LaTeX Font Info:    ... okay on input line 38.
LaTeX Font Info:    Checking defaults for T1/cmr/m/n on input line 38.
LaTeX Font Info:    ... okay on input line 38.
LaTeX Font Info:    Checking defaults for TS1/cmr/m/n on input line 38.
LaTeX Font Info:    ... okay on input line 38.
LaTeX Font Info:    Checking defaults for OMX/cmex/m/n on input line 38.
LaTeX Font Info:    ... okay on input line 38.
LaTeX Font Info:    Checking defaults for U/cmr/m/n on input line 38.
LaTeX Font Info:    ... okay on input line 38.
LaTeX Font Info:    Checking defaults for PD1/pdf/m/n on input line 38.
LaTeX Font Info:    ... okay on input line 38.
LaTeX Font Info:    Checking defaults for PU/pdf/m/n on input line 38.
LaTeX Font Info:    ... okay on input line 38.
*geometry* driver: auto-detecting
*geometry* detected driver: pdftex
*geometry* verbose mode - [ preamble ] result:
* driver: pdftex
* paper: letterpaper
* layout: <same size as paper>
* layoutoffset:(h,v)=(0.0pt,0.0pt)
* modes: 
* h-part:(L,W,R)=(56.9055pt, 500.484pt, 56.9055pt)
* v-part:(T,H,B)=(71.13188pt, 652.70622pt, 71.13188pt)
* \paperwidth=614.295pt
* \paperheight=794.96999pt
* \textwidth=500.484pt
* \textheight=652.70622pt
* \oddsidemargin=-15.36449pt
* \evensidemargin=-15.36449pt
* \topmargin=-38.1381pt
* \headheight=12.0pt
* \headsep=25.0pt
* \topskip=12.0pt
* \footskip=30.0pt
* \marginparwidth=44.0pt
* \marginparsep=10.0pt
* \columnsep=10.0pt
* \skip\footins=10.8pt plus 4.0pt minus 2.0pt
* \hoffset=0.0pt
* \voffset=0.0pt
* \mag=1000
* \@twocolumnfalse
* \@twosidefalse
* \@mparswitchfalse
* \@reversemarginfalse
* (1in=72.27pt=25.4mm, 1cm=28.453pt)

LaTeX Info: Redefining \. on input line 38.
LaTeX Info: Redefining \% on input line 38.

(C:\Users\Kendall Saborio\AppData\Local\Programs\MiKTeX\tex/context/base/mkii\s
upp-pdf.mkii
[Loading MPS to PDF converter (version 2006.09.02).]
\scratchcounter=\count305
\scratchdimen=\dimen186
\scratchbox=\box102
\nofMPsegments=\count306
\nofMParguments=\count307
\everyMPshowfont=\toks30
\MPscratchCnt=\count308
\MPscratchDim=\dimen187
\MPnumerator=\count309
\makeMPintoPDFobject=\count310
\everyMPtoPDFconversion=\toks31
)
(C:\Users\Kendall Saborio\AppData\Local\Programs\MiKTeX\tex/latex/epstopdf-pkg\
epstopdf-base.sty
Package: epstopdf-base 2020-01-24 v2.11 Base part for package epstopdf
Package epstopdf-base Info: Redefining graphics rule for `.eps' on input line 4
85.

(C:\Users\Kendall Saborio\AppData\Local\Programs\MiKTeX\tex/latex/00miktex\epst
opdf-sys.cfg
File: epstopdf-sys.cfg 2021/03/18 v2.0 Configuration of epstopdf for MiKTeX
))
Package caption Info: Begin \AtBeginDocument code.
Package caption Info: float package is loaded.
Package caption Info: hyperref package is loaded.
Package caption Info: End \AtBeginDocument code.

(C:\Users\Kendall Saborio\AppData\Local\Programs\MiKTeX\tex/latex/pdflscape\pdf
lscape.sty
Package: pdflscape 2019/12/05 v0.12 Display of landscape pages in PDF (HO)

(C:\Users\Kendall Saborio\AppData\Local\Programs\MiKTeX\tex/latex/graphics\lsca
pe.sty
Package: lscape 2020/05/28 v3.02 Landscape Pages (DPC)
)
Package pdflscape Info: Auto-detected driver: pdftex on input line 81.
)
Package hyperref Info: Link coloring ON on input line 38.

(C:\Users\Kendall Saborio\AppData\Local\Programs\MiKTeX\tex/latex/hyperref\name
ref.sty
Package: nameref 2021-04-02 v2.47 Cross-referencing by name of section

(C:\Users\Kendall Saborio\AppData\Local\Programs\MiKTeX\tex/latex/refcount\refc
ount.sty
Package: refcount 2019/12/15 v3.6 Data extraction from label references (HO)
)
(C:\Users\Kendall Saborio\AppData\Local\Programs\MiKTeX\tex/generic/gettitlestr
ing\gettitlestring.sty
Package: gettitlestring 2019/12/15 v1.6 Cleanup title references (HO)
)
\c@section@level=\count311
)
LaTeX Info: Redefining \ref on input line 38.
LaTeX Info: Redefining \pageref on input line 38.
LaTeX Info: Redefining \nameref on input line 38.
\@outlinefile=\write3
\openout3 = `main.out'.

LaTeX Font Info:    Font shape `OT1/phv/b/n' will be
(Font)              scaled to size 11.39996pt on input line 42.
 [1

{C:/Users/Kendall Saborio/AppData/Local/MiKTeX/fonts/map/pdftex/pdftex.map}]
LaTeX Font Info:    Font shape `OT1/phv/m/n' will be
(Font)              scaled to size 16.41594pt on input line 64.
LaTeX Font Info:    Font shape `OT1/phv/b/n' will be
(Font)              scaled to size 16.41594pt on input line 64.
\tf@toc=\write4
\openout4 = `main.toc'.

 (01_Introduccion.tex
pdfTeX warning (ext4): destination with the same identifier (name{page.1}) has 
been already used, duplicate ignored
<to be read again> 
                   \relax 
l.1 \newpage
             [1]
LaTeX Font Info:    Font shape `OT1/phv/m/it' in size <12> not available
(Font)              Font shape `OT1/phv/m/sl' tried instead on input line 5.
LaTeX Font Info:    Font shape `OT1/phv/m/sl' will be
(Font)              scaled to size 11.39996pt on input line 5.
LaTeX Font Info:    Trying to load font information for U+msa on input line 5.

(C:\Users\Kendall Saborio\AppData\Local\Programs\MiKTeX\tex/latex/amsfonts\umsa
.fd
File: umsa.fd 2013/01/14 v3.01 AMS symbols A
)
LaTeX Font Info:    Trying to load font information for U+msb on input line 5.

(C:\Users\Kendall Saborio\AppData\Local\Programs\MiKTeX\tex/latex/amsfonts\umsb
.fd
File: umsb.fd 2013/01/14 v3.01 AMS symbols B
)) (02_Nota_teorica.tex [2]
LaTeX Font Info:    Font shape `OT1/phv/m/n' will be
(Font)              scaled to size 13.67995pt on input line 6.
LaTeX Font Info:    Font shape `OT1/phv/b/n' will be
(Font)              scaled to size 13.67995pt on input line 6.


LaTeX Warning: Citation `AT' on page 3 undefined on input line 7.


LaTeX Warning: Reference `fig:AT_pins' on page 3 undefined on input line 7.

<./Figuras/Nota_teorica/AT_pins.png, id=22, 1923.185pt x 741.77126pt>
File: ./Figuras/Nota_teorica/AT_pins.png Graphic file (type png)
<use ./Figuras/Nota_teorica/AT_pins.png>
Package pdftex.def Info: ./Figuras/Nota_teorica/AT_pins.png  used on input line
 11.
(pdftex.def)             Requested size: 398.33858pt x 153.63736pt.

LaTeX Warning: Citation `AT' on page 3 undefined on input line 12.


LaTeX Warning: Citation `AT' on page 3 undefined on input line 12.


LaTeX Warning: Reference `an:01_GEN' on page 3 undefined on input line 16.


LaTeX Warning: Reference `fig:DBLO' on page 3 undefined on input line 16.

<./Figuras/Nota_teorica/DBLO.png, id=24, 1001.7425pt x 1328.965pt>
File: ./Figuras/Nota_teorica/DBLO.png Graphic file (type png)
<use ./Figuras/Nota_teorica/DBLO.png>
Package pdftex.def Info: ./Figuras/Nota_teorica/DBLO.png  used on input line 20
.
(pdftex.def)             Requested size: 455.24408pt x 603.95001pt.

LaTeX Warning: Citation `AT' on page 3 undefined on input line 21.


LaTeX Warning: Citation `AT' on page 3 undefined on input line 21.

[3 <./Figuras/Nota_teorica/AT_pins.png>]

LaTeX Warning: Citation `AT' on page 4 undefined on input line 26.

[4 <./Figuras/Nota_teorica/DBLO.png>]

LaTeX Warning: Reference `fig:DDRB' on page 5 undefined on input line 29.

<./Figuras/Nota_teorica/DDRB.png, id=39, 1706.375pt x 229.85875pt>
File: ./Figuras/Nota_teorica/DDRB.png Graphic file (type png)
<use ./Figuras/Nota_teorica/DDRB.png>
Package pdftex.def Info: ./Figuras/Nota_teorica/DDRB.png  used on input line 33
.
(pdftex.def)             Requested size: 426.79134pt x 57.48909pt.

LaTeX Warning: Citation `AT' on page 5 undefined on input line 34.


LaTeX Warning: Citation `AT' on page 5 undefined on input line 34.


LaTeX Warning: Reference `fig:PORTB' on page 5 undefined on input line 38.

<./Figuras/Nota_teorica/PORTB.png, id=40, 1706.375pt x 229.85875pt>
File: ./Figuras/Nota_teorica/PORTB.png Graphic file (type png)
<use ./Figuras/Nota_teorica/PORTB.png>
Package pdftex.def Info: ./Figuras/Nota_teorica/PORTB.png  used on input line 4
2.
(pdftex.def)             Requested size: 426.79134pt x 57.48909pt.

LaTeX Warning: Citation `AT' on page 5 undefined on input line 43.


LaTeX Warning: Citation `AT' on page 5 undefined on input line 43.


LaTeX Warning: Reference `fig:GIMSK' on page 5 undefined on input line 47.

<./Figuras/Nota_teorica/GIMSK.png, id=41, 1558.82375pt x 183.68625pt>
File: ./Figuras/Nota_teorica/GIMSK.png Graphic file (type png)
<use ./Figuras/Nota_teorica/GIMSK.png>
Package pdftex.def Info: ./Figuras/Nota_teorica/GIMSK.png  used on input line 5
1.
(pdftex.def)             Requested size: 426.79134pt x 50.29103pt.

LaTeX Warning: Citation `AT' on page 5 undefined on input line 52.


LaTeX Warning: Citation `AT' on page 5 undefined on input line 52.


LaTeX Warning: Reference `fig:MCUCR' on page 5 undefined on input line 56.

<./Figuras/Nota_teorica/MCUCR.png, id=42, 1646.15pt x 219.82124pt>
File: ./Figuras/Nota_teorica/MCUCR.png Graphic file (type png)
<use ./Figuras/Nota_teorica/MCUCR.png>
Package pdftex.def Info: ./Figuras/Nota_teorica/MCUCR.png  used on input line 6
0.
(pdftex.def)             Requested size: 426.79134pt x 56.99117pt.

LaTeX Warning: Citation `AT' on page 5 undefined on input line 61.


LaTeX Warning: Citation `AT' on page 5 undefined on input line 61.

[5 <./Figuras/Nota_teorica/DDRB.png> <./Figuras/Nota_teorica/PORTB.png> <./Figu
ras/Nota_teorica/GIMSK.png>]

LaTeX Warning: Reference `table:MCUCR' on page 6 undefined on input line 65.


LaTeX Warning: Citation `AT' on page 6 undefined on input line 68.


LaTeX Warning: Citation `AT' on page 6 undefined on input line 68.


LaTeX Warning: Citation `AT' on page 6 undefined on input line 84.


LaTeX Warning: Reference `fig:TCNT0' on page 6 undefined on input line 87.

<./Figuras/Nota_teorica/TCNT0.png, id=54, 1646.15pt x 219.82124pt>
File: ./Figuras/Nota_teorica/TCNT0.png Graphic file (type png)
<use ./Figuras/Nota_teorica/TCNT0.png>
Package pdftex.def Info: ./Figuras/Nota_teorica/TCNT0.png  used on input line 9
1.
(pdftex.def)             Requested size: 426.79134pt x 56.99117pt.

LaTeX Warning: Citation `AT' on page 6 undefined on input line 92.


LaTeX Warning: Citation `AT' on page 6 undefined on input line 92.


LaTeX Warning: Reference `fig:TCCR0A' on page 6 undefined on input line 96.

<./Figuras/Nota_teorica/TCCR0A.png, id=55, 1672.2475pt x 219.82124pt>
File: ./Figuras/Nota_teorica/TCCR0A.png Graphic file (type png)
<use ./Figuras/Nota_teorica/TCCR0A.png>
Package pdftex.def Info: ./Figuras/Nota_teorica/TCCR0A.png  used on input line 
100.
(pdftex.def)             Requested size: 426.79134pt x 56.1023pt.

LaTeX Warning: Citation `AT' on page 6 undefined on input line 101.


LaTeX Warning: Citation `AT' on page 6 undefined on input line 101.

[6 <./Figuras/Nota_teorica/MCUCR.png> <./Figuras/Nota_teorica/TCNT0.png> <./Fig
uras/Nota_teorica/TCCR0A.png>]

LaTeX Warning: Reference `fig:TCCR0B' on page 7 undefined on input line 108.

<./Figuras/Nota_teorica/TCCR0B.png, id=68, 1672.2475pt x 219.82124pt>
File: ./Figuras/Nota_teorica/TCCR0B.png Graphic file (type png)
<use ./Figuras/Nota_teorica/TCCR0B.png>
Package pdftex.def Info: ./Figuras/Nota_teorica/TCCR0B.png  used on input line 
112.
(pdftex.def)             Requested size: 426.79134pt x 56.1023pt.

LaTeX Warning: Citation `AT' on page 7 undefined on input line 113.


LaTeX Warning: Citation `AT' on page 7 undefined on input line 113.


LaTeX Warning: Reference `table:TCCR0B' on page 7 undefined on input line 117.


LaTeX Warning: Citation `AT' on page 7 undefined on input line 120.


LaTeX Warning: Citation `AT' on page 7 undefined on input line 120.


LaTeX Warning: Reference `fig:TIMSK' on page 7 undefined on input line 138.

<./Figuras/Nota_teorica/TIMSK.png, id=69, 1672.2475pt x 219.82124pt>
File: ./Figuras/Nota_teorica/TIMSK.png Graphic file (type png)
<use ./Figuras/Nota_teorica/TIMSK.png>
Package pdftex.def Info: ./Figuras/Nota_teorica/TIMSK.png  used on input line 1
42.
(pdftex.def)             Requested size: 426.79134pt x 56.1023pt.

LaTeX Warning: Citation `AT' on page 7 undefined on input line 143.


LaTeX Warning: Citation `AT' on page 7 undefined on input line 143.

LaTeX Font Info:    Font shape `OT1/phv/b/it' in size <14.4> not available
(Font)              Font shape `OT1/phv/b/sl' tried instead on input line 148.
LaTeX Font Info:    Font shape `OT1/phv/b/sl' will be
(Font)              scaled to size 13.67995pt on input line 148.
[7 <./Figuras/Nota_teorica/TCCR0B.png> <./Figuras/Nota_teorica/TIMSK.png>]

LaTeX Warning: Reference `fig:pullD' on page 8 undefined on input line 151.


LaTeX Warning: Citation `pullU' on page 8 undefined on input line 151.

<./Figuras/Nota_teorica/pullD.png, id=81, 342.27875pt x 794.97pt>
File: ./Figuras/Nota_teorica/pullD.png Graphic file (type png)
<use ./Figuras/Nota_teorica/pullD.png>
Package pdftex.def Info: ./Figuras/Nota_teorica/pullD.png  used on input line 1
55.
(pdftex.def)             Requested size: 113.81102pt x 264.33028pt.

LaTeX Warning: Reference `fig:pullD' on page 8 undefined on input line 160.


LaTeX Warning: Citation `pullU' on page 8 undefined on input line 160.

[8 <./Figuras/Nota_teorica/pullD.png>]

LaTeX Warning: Citation `RC' on page 9 undefined on input line 175.


LaTeX Warning: Reference `fig:RC1' on page 9 undefined on input line 175.

<./Figuras/Nota_teorica/RC1.png, id=92, 520.94624pt x 620.3175pt>
File: ./Figuras/Nota_teorica/RC1.png Graphic file (type png)
<use ./Figuras/Nota_teorica/RC1.png>
Package pdftex.def Info: ./Figuras/Nota_teorica/RC1.png  used on input line 179
.
(pdftex.def)             Requested size: 227.62204pt x 271.03802pt.

LaTeX Warning: Citation `RC' on page 9 undefined on input line 180.


LaTeX Warning: Citation `RC' on page 9 undefined on input line 180.

[9 <./Figuras/Nota_teorica/RC1.png>]

LaTeX Warning: Reference `fig:RC2' on page 10 undefined on input line 198.

<./Figuras/Nota_teorica/RC2.png, id=105, 710.655pt x 838.13126pt>
File: ./Figuras/Nota_teorica/RC2.png Graphic file (type png)
<use ./Figuras/Nota_teorica/RC2.png>
Package pdftex.def Info: ./Figuras/Nota_teorica/RC2.png  used on input line 202
.
(pdftex.def)             Requested size: 199.16928pt x 234.89256pt.

LaTeX Warning: Reference `fig:RC3' on page 10 undefined on input line 207.

<./Figuras/Nota_teorica/RC3.png, id=106, 890.32625pt x 838.13126pt>
File: ./Figuras/Nota_teorica/RC3.png Graphic file (type png)
<use ./Figuras/Nota_teorica/RC3.png>
Package pdftex.def Info: ./Figuras/Nota_teorica/RC3.png  used on input line 211
.
(pdftex.def)             Requested size: 284.52756pt x 267.8494pt.
[10 <./Figuras/Nota_teorica/RC2.png>]

LaTeX Warning: Reference `fig:enun' on page 11 undefined on input line 217.

<./Figuras/Nota_teorica/enun.png, id=114, 1323.94624pt x 761.84625pt>
File: ./Figuras/Nota_teorica/enun.png Graphic file (type png)
<use ./Figuras/Nota_teorica/enun.png>
Package pdftex.def Info: ./Figuras/Nota_teorica/enun.png  used on input line 22
1.
(pdftex.def)             Requested size: 341.43306pt x 196.47113pt.

LaTeX Warning: Reference `fig:enun' on page 11 undefined on input line 226.


LaTeX Warning: Citation `AT' on page 11 undefined on input line 226.

[11 <./Figuras/Nota_teorica/RC3.png> <./Figuras/Nota_teorica/enun.png>]

LaTeX Warning: Reference `table:Equipo' on page 12 undefined on input line 242.


LaTeX Font Info:    Trying to load font information for TS1+phv on input line 2
51.

(C:\Users\Kendall Saborio\AppData\Local\Programs\MiKTeX\tex/latex/psnfss\ts1phv
.fd
File: ts1phv.fd 2020/03/25 scalable font definitions for TS1/phv.
)
LaTeX Font Info:    Font shape `TS1/phv/m/n' will be
(Font)              scaled to size 11.39996pt on input line 251.


LaTeX Warning: Reference `table:Equipo' on page 12 undefined on input line 266.


LaTeX Info: Symbol \textcolonmonetary not provided by
            font family phv in TS1 encoding.
            Default family used instead on input line 266.
LaTeX Font Info:    Trying to load font information for TS1+cmss on input line 
266.

(C:\Users\Kendall Saborio\AppData\Local\Programs\MiKTeX\tex/latex/base\ts1cmss.
fd
File: ts1cmss.fd 2019/12/16 v2.5j Standard LaTeX font definitions
)

LaTeX Warning: Citation `alavi2016maquinas' on page 12 undefined on input line 
271.

[12]

LaTeX Warning: Citation `Maquinadeestados' on page 13 undefined on input line 2
75.


LaTeX Warning: Citation `Maquinadeestados' on page 13 undefined on input line 2
76.


LaTeX Warning: Reference `fig:FSMej' on page 13 undefined on input line 279.

<./Figuras/Nota_teorica/Diagrama_de_stados_viejo.png, id=137, 188.705pt x 314.6
7563pt>
File: ./Figuras/Nota_teorica/Diagrama_de_stados_viejo.png Graphic file (type pn
g)
<use ./Figuras/Nota_teorica/Diagrama_de_stados_viejo.png>
Package pdftex.def Info: ./Figuras/Nota_teorica/Diagrama_de_stados_viejo.png  u
sed on input line 283.
(pdftex.def)             Requested size: 207.57613pt x 346.14424pt.
) (03_Desarrollo_Analisis.tex [13 <./Figuras/Nota_teorica/Diagrama_de_stados_vi
ejo.png>]
LaTeX Font Info:    Font shape `OT1/cmtt/bx/n' in size <12> not available
(Font)              Font shape `OT1/cmtt/m/n' tried instead on input line 10.


LaTeX Warning: Reference `fig:FSMdiagram' on page 14 undefined on input line 21
.

<./Figuras/Desarrollo_Analisis/Diagrama_Semaforo.png, id=144, 831.3459pt x 1527
.0651pt>
File: ./Figuras/Desarrollo_Analisis/Diagrama_Semaforo.png Graphic file (type pn
g)
<use ./Figuras/Desarrollo_Analisis/Diagrama_Semaforo.png>
Package pdftex.def Info: ./Figuras/Desarrollo_Analisis/Diagrama_Semaforo.png  u
sed on input line 25.
(pdftex.def)             Requested size: 332.53247pt x 610.81523pt.
[14] [15 <./Figuras/Desarrollo_Analisis/Diagrama_Semaforo.png>]

LaTeX Warning: Reference `sec:cir0' on page 16 undefined on input line 34.


LaTeX Warning: Reference `sec:cir1' on page 16 undefined on input line 34.


LaTeX Warning: Reference `fig:AT_pins' on page 16 undefined on input line 34.


LaTeX Warning: Reference `sec:cir2' on page 16 undefined on input line 34.


LaTeX Warning: Reference `fig:final' on page 16 undefined on input line 34.

<./Figuras/Desarrollo_Analisis/final.png, id=161, 1112.155pt x 906.38625pt>
File: ./Figuras/Desarrollo_Analisis/final.png Graphic file (type png)
<use ./Figuras/Desarrollo_Analisis/final.png>
Package pdftex.def Info: ./Figuras/Desarrollo_Analisis/final.png  used on input
 line 38.
(pdftex.def)             Requested size: 355.65944pt x 289.8559pt.
[16 <./Figuras/Desarrollo_Analisis/final.png>]
LaTeX Font Info:    Font shape `OT1/phv/b/it' in size <12> not available
(Font)              Font shape `OT1/phv/b/sl' tried instead on input line 50.
LaTeX Font Info:    Font shape `OT1/phv/b/sl' will be
(Font)              scaled to size 11.39996pt on input line 50.


LaTeX Warning: Reference `fig:0' on page 17 undefined on input line 50.

<./Figuras/Desarrollo_Analisis/0.png, id=170, 939.51pt x 683.55376pt>
File: ./Figuras/Desarrollo_Analisis/0.png Graphic file (type png)
<use ./Figuras/Desarrollo_Analisis/0.png>
Package pdftex.def Info: ./Figuras/Desarrollo_Analisis/0.png  used on input lin
e 54.
(pdftex.def)             Requested size: 270.30118pt x 196.66098pt.

LaTeX Warning: Reference `fig:10' on page 17 undefined on input line 59.


LaTeX Warning: Reference `fig:11' on page 17 undefined on input line 59.

<./Figuras/Desarrollo_Analisis/1_0.png, id=171, 939.51pt x 683.55376pt>
File: ./Figuras/Desarrollo_Analisis/1_0.png Graphic file (type png)
<use ./Figuras/Desarrollo_Analisis/1_0.png>
Package pdftex.def Info: ./Figuras/Desarrollo_Analisis/1_0.png  used on input l
ine 63.
(pdftex.def)             Requested size: 270.30118pt x 196.66098pt.
<./Figuras/Desarrollo_Analisis/1_1.png, id=172, 939.51pt x 683.55376pt>
File: ./Figuras/Desarrollo_Analisis/1_1.png Graphic file (type png)
<use ./Figuras/Desarrollo_Analisis/1_1.png>
Package pdftex.def Info: ./Figuras/Desarrollo_Analisis/1_1.png  used on input l
ine 70.
(pdftex.def)             Requested size: 270.30118pt x 196.66098pt.
[17 <./Figuras/Desarrollo_Analisis/0.png> <./Figuras/Desarrollo_Analisis/1_0.pn
g>]

LaTeX Warning: Reference `fig:2' on page 18 undefined on input line 75.

<./Figuras/Desarrollo_Analisis/2.png, id=183, 939.51pt x 683.55376pt>
File: ./Figuras/Desarrollo_Analisis/2.png Graphic file (type png)
<use ./Figuras/Desarrollo_Analisis/2.png>
Package pdftex.def Info: ./Figuras/Desarrollo_Analisis/2.png  used on input lin
e 79.
(pdftex.def)             Requested size: 270.30118pt x 196.66098pt.

LaTeX Warning: Reference `fig:3' on page 18 undefined on input line 84.

<./Figuras/Desarrollo_Analisis/3.png, id=184, 939.51pt x 683.55376pt>
File: ./Figuras/Desarrollo_Analisis/3.png Graphic file (type png)
<use ./Figuras/Desarrollo_Analisis/3.png>
Package pdftex.def Info: ./Figuras/Desarrollo_Analisis/3.png  used on input lin
e 88.
(pdftex.def)             Requested size: 270.30118pt x 196.66098pt.
[18 <./Figuras/Desarrollo_Analisis/1_1.png> <./Figuras/Desarrollo_Analisis/2.pn
g>]

LaTeX Warning: Reference `fig:40' on page 19 undefined on input line 93.


LaTeX Warning: Reference `fig:41' on page 19 undefined on input line 93.

<./Figuras/Desarrollo_Analisis/4_0.png, id=194, 939.51pt x 683.55376pt>
File: ./Figuras/Desarrollo_Analisis/4_0.png Graphic file (type png)
<use ./Figuras/Desarrollo_Analisis/4_0.png>
Package pdftex.def Info: ./Figuras/Desarrollo_Analisis/4_0.png  used on input l
ine 97.
(pdftex.def)             Requested size: 270.30118pt x 196.66098pt.
<./Figuras/Desarrollo_Analisis/4_1.png, id=195, 939.51pt x 683.55376pt>
File: ./Figuras/Desarrollo_Analisis/4_1.png Graphic file (type png)
<use ./Figuras/Desarrollo_Analisis/4_1.png>
Package pdftex.def Info: ./Figuras/Desarrollo_Analisis/4_1.png  used on input l
ine 104.
(pdftex.def)             Requested size: 270.30118pt x 196.66098pt.
[19 <./Figuras/Desarrollo_Analisis/3.png> <./Figuras/Desarrollo_Analisis/4_0.pn
g>]

LaTeX Warning: Reference `fig:5' on page 20 undefined on input line 109.

<./Figuras/Desarrollo_Analisis/5.png, id=204, 939.51pt x 683.55376pt>
File: ./Figuras/Desarrollo_Analisis/5.png Graphic file (type png)
<use ./Figuras/Desarrollo_Analisis/5.png>
Package pdftex.def Info: ./Figuras/Desarrollo_Analisis/5.png  used on input lin
e 113.
(pdftex.def)             Requested size: 270.30118pt x 196.66098pt.
[20 <./Figuras/Desarrollo_Analisis/4_1.png> <./Figuras/Desarrollo_Analisis/5.pn
g>]

LaTeX Warning: Reference `fig:ondas1' on page 21 undefined on input line 132.

<./Figuras/Desarrollo_Analisis/Primeros_10_segundos.png, id=213, 365.86688pt x 
254.9525pt>
File: ./Figuras/Desarrollo_Analisis/Primeros_10_segundos.png Graphic file (type
 png)
<use ./Figuras/Desarrollo_Analisis/Primeros_10_segundos.png>
Package pdftex.def Info: ./Figuras/Desarrollo_Analisis/Primeros_10_segundos.png
  used on input line 137.
(pdftex.def)             Requested size: 270.30118pt x 188.36621pt.

LaTeX Warning: Reference `fig:ondas2' on page 21 undefined on input line 143.

<./Figuras/Desarrollo_Analisis/Luego_de_10_segundos_y_apretar_boton.png, id=214
, 363.3575pt x 254.45062pt>
File: ./Figuras/Desarrollo_Analisis/Luego_de_10_segundos_y_apretar_boton.png Gr
aphic file (type png)
<use ./Figuras/Desarrollo_Analisis/Luego_de_10_segundos_y_apretar_boton.png>
Package pdftex.def Info: ./Figuras/Desarrollo_Analisis/Luego_de_10_segundos_y_a
pretar_boton.png  used on input line 147.
(pdftex.def)             Requested size: 270.30118pt x 189.28833pt.
[21 <./Figuras/Desarrollo_Analisis/Primeros_10_segundos.png>]

LaTeX Warning: Reference `fig:ondas3' on page 22 undefined on input line 152.

<./Figuras/Desarrollo_Analisis/Ondas base.png, id=221, 341.77687pt x 235.37938p
t>
File: ./Figuras/Desarrollo_Analisis/Ondas base.png Graphic file (type png)
<use ./Figuras/Desarrollo_Analisis/Ondas base.png>
Package pdftex.def Info: ./Figuras/Desarrollo_Analisis/Ondas base.png  used on 
input line 157.
(pdftex.def)             Requested size: 270.30118pt x 186.16675pt.
) (04_Conclusiones_Recomendaciones.tex [22 <./Figuras/Desarrollo_Analisis/Luego
_de_10_segundos_y_apretar_boton.png> <./Figuras/Desarrollo_Analisis/Ondas base.
png>]) (05_Referencias.tex [23]
No file main.bbl.
) (06_Anexos.tex [24]

pdfTeX warning: pdflatex (file ./Documentos/ATtiny4313.pdf): PDF inclusion: fou
nd PDF version <1.6>, but at most version <1.5> allowed
<./Documentos/ATtiny4313.pdf, id=241, 614.295pt x 794.97pt>
File: ./Documentos/ATtiny4313.pdf Graphic file (type pdf)
<use ./Documentos/ATtiny4313.pdf>
Package pdftex.def Info: ./Documentos/ATtiny4313.pdf  used on input line 9.
(pdftex.def)             Requested size: 614.29349pt x 794.96806pt.


pdfTeX warning: pdflatex (file ./Documentos/ATtiny4313.pdf): PDF inclusion: fou
nd PDF version <1.6>, but at most version <1.5> allowed
File: ./Documentos/ATtiny4313.pdf Graphic file (type pdf)
<use ./Documentos/ATtiny4313.pdf>
Package pdftex.def Info: ./Documentos/ATtiny4313.pdf  used on input line 9.
(pdftex.def)             Requested size: 614.29349pt x 794.96806pt.


pdfTeX warning: pdflatex (file ./Documentos/ATtiny4313.pdf): PDF inclusion: fou
nd PDF version <1.6>, but at most version <1.5> allowed


pdfTeX warning: pdflatex (file ./Documentos/ATtiny4313.pdf): PDF inclusion: fou
nd PDF version <1.6>, but at most version <1.5> allowed
<./Documentos/ATtiny4313.pdf, id=244, page=1, 614.295pt x 794.97pt>
File: ./Documentos/ATtiny4313.pdf Graphic file (type pdf)
<use ./Documentos/ATtiny4313.pdf, page 1>
Package pdftex.def Info: ./Documentos/ATtiny4313.pdf , page1 used on input line
 9.
(pdftex.def)             Requested size: 614.29349pt x 794.96806pt.
File: ./Documentos/ATtiny4313.pdf Graphic file (type pdf)
<use ./Documentos/ATtiny4313.pdf, page 1>
Package pdftex.def Info: ./Documentos/ATtiny4313.pdf , page1 used on input line
 9.
(pdftex.def)             Requested size: 614.58406pt x 795.3441pt.
[25]
File: ./Documentos/ATtiny4313.pdf Graphic file (type pdf)
<use ./Documentos/ATtiny4313.pdf, page 1>
Package pdftex.def Info: ./Documentos/ATtiny4313.pdf , page1 used on input line
 9.
(pdftex.def)             Requested size: 614.58406pt x 795.3441pt.
File: ./Documentos/ATtiny4313.pdf Graphic file (type pdf)
<use ./Documentos/ATtiny4313.pdf, page 1>
Package pdftex.def Info: ./Documentos/ATtiny4313.pdf , page1 used on input line
 9.
(pdftex.def)             Requested size: 614.58406pt x 795.3441pt.
File: ./Documentos/ATtiny4313.pdf Graphic file (type pdf)
<use ./Documentos/ATtiny4313.pdf, page 1>
Package pdftex.def Info: ./Documentos/ATtiny4313.pdf , page1 used on input line
 9.
(pdftex.def)             Requested size: 614.58406pt x 795.3441pt.
 [26 <./Documentos/ATtiny4313.pdf>]

pdfTeX warning: pdflatex (file ./Documentos/ATtiny4313.pdf): PDF inclusion: fou
nd PDF version <1.6>, but at most version <1.5> allowed
<./Documentos/ATtiny4313.pdf, id=281, page=2, 614.295pt x 794.97pt>
File: ./Documentos/ATtiny4313.pdf Graphic file (type pdf)
<use ./Documentos/ATtiny4313.pdf, page 2>
Package pdftex.def Info: ./Documentos/ATtiny4313.pdf , page2 used on input line
 9.
(pdftex.def)             Requested size: 614.58406pt x 795.3441pt.
File: ./Documentos/ATtiny4313.pdf Graphic file (type pdf)
<use ./Documentos/ATtiny4313.pdf, page 2>
Package pdftex.def Info: ./Documentos/ATtiny4313.pdf , page2 used on input line
 9.
(pdftex.def)             Requested size: 614.58406pt x 795.3441pt.
File: ./Documentos/ATtiny4313.pdf Graphic file (type pdf)
<use ./Documentos/ATtiny4313.pdf, page 2>
Package pdftex.def Info: ./Documentos/ATtiny4313.pdf , page2 used on input line
 9.
(pdftex.def)             Requested size: 614.58406pt x 795.3441pt.
[27 <./Documentos/ATtiny4313.pdf>]

pdfTeX warning: pdflatex (file ./Documentos/ATtiny4313.pdf): PDF inclusion: fou
nd PDF version <1.6>, but at most version <1.5> allowed
<./Documentos/ATtiny4313.pdf, id=298, page=3, 614.295pt x 794.97pt>
File: ./Documentos/ATtiny4313.pdf Graphic file (type pdf)
<use ./Documentos/ATtiny4313.pdf, page 3>
Package pdftex.def Info: ./Documentos/ATtiny4313.pdf , page3 used on input line
 9.
(pdftex.def)             Requested size: 614.58406pt x 795.3441pt.
File: ./Documentos/ATtiny4313.pdf Graphic file (type pdf)
<use ./Documentos/ATtiny4313.pdf, page 3>
Package pdftex.def Info: ./Documentos/ATtiny4313.pdf , page3 used on input line
 9.
(pdftex.def)             Requested size: 614.58406pt x 795.3441pt.
File: ./Documentos/ATtiny4313.pdf Graphic file (type pdf)
<use ./Documentos/ATtiny4313.pdf, page 3>
Package pdftex.def Info: ./Documentos/ATtiny4313.pdf , page3 used on input line
 9.
(pdftex.def)             Requested size: 614.58406pt x 795.3441pt.
[28 <./Documentos/ATtiny4313.pdf>]

pdfTeX warning: pdflatex (file ./Documentos/ATtiny4313.pdf): PDF inclusion: fou
nd PDF version <1.6>, but at most version <1.5> allowed
<./Documentos/ATtiny4313.pdf, id=307, page=4, 614.295pt x 794.97pt>
File: ./Documentos/ATtiny4313.pdf Graphic file (type pdf)
<use ./Documentos/ATtiny4313.pdf, page 4>
Package pdftex.def Info: ./Documentos/ATtiny4313.pdf , page4 used on input line
 9.
(pdftex.def)             Requested size: 614.58406pt x 795.3441pt.
File: ./Documentos/ATtiny4313.pdf Graphic file (type pdf)
<use ./Documentos/ATtiny4313.pdf, page 4>
Package pdftex.def Info: ./Documentos/ATtiny4313.pdf , page4 used on input line
 9.
(pdftex.def)             Requested size: 614.58406pt x 795.3441pt.
File: ./Documentos/ATtiny4313.pdf Graphic file (type pdf)
<use ./Documentos/ATtiny4313.pdf, page 4>
Package pdftex.def Info: ./Documentos/ATtiny4313.pdf , page4 used on input line
 9.
(pdftex.def)             Requested size: 614.58406pt x 795.3441pt.
[29 <./Documentos/ATtiny4313.pdf>]

pdfTeX warning: pdflatex (file ./Documentos/ATtiny4313.pdf): PDF inclusion: fou
nd PDF version <1.6>, but at most version <1.5> allowed
<./Documentos/ATtiny4313.pdf, id=316, page=5, 614.295pt x 794.97pt>
File: ./Documentos/ATtiny4313.pdf Graphic file (type pdf)
<use ./Documentos/ATtiny4313.pdf, page 5>
Package pdftex.def Info: ./Documentos/ATtiny4313.pdf , page5 used on input line
 9.
(pdftex.def)             Requested size: 614.58406pt x 795.3441pt.
File: ./Documentos/ATtiny4313.pdf Graphic file (type pdf)
<use ./Documentos/ATtiny4313.pdf, page 5>
Package pdftex.def Info: ./Documentos/ATtiny4313.pdf , page5 used on input line
 9.
(pdftex.def)             Requested size: 614.58406pt x 795.3441pt.
File: ./Documentos/ATtiny4313.pdf Graphic file (type pdf)
<use ./Documentos/ATtiny4313.pdf, page 5>
Package pdftex.def Info: ./Documentos/ATtiny4313.pdf , page5 used on input line
 9.
(pdftex.def)             Requested size: 614.58406pt x 795.3441pt.
[30 <./Documentos/ATtiny4313.pdf>]

pdfTeX warning: pdflatex (file ./Documentos/ATtiny4313.pdf): PDF inclusion: fou
nd PDF version <1.6>, but at most version <1.5> allowed
<./Documentos/ATtiny4313.pdf, id=328, page=6, 614.295pt x 794.97pt>
File: ./Documentos/ATtiny4313.pdf Graphic file (type pdf)
<use ./Documentos/ATtiny4313.pdf, page 6>
Package pdftex.def Info: ./Documentos/ATtiny4313.pdf , page6 used on input line
 9.
(pdftex.def)             Requested size: 614.58406pt x 795.3441pt.
File: ./Documentos/ATtiny4313.pdf Graphic file (type pdf)
<use ./Documentos/ATtiny4313.pdf, page 6>
Package pdftex.def Info: ./Documentos/ATtiny4313.pdf , page6 used on input line
 9.
(pdftex.def)             Requested size: 614.58406pt x 795.3441pt.
File: ./Documentos/ATtiny4313.pdf Graphic file (type pdf)
<use ./Documentos/ATtiny4313.pdf, page 6>
Package pdftex.def Info: ./Documentos/ATtiny4313.pdf , page6 used on input line
 9.
(pdftex.def)             Requested size: 614.58406pt x 795.3441pt.
[31 <./Documentos/ATtiny4313.pdf>]

pdfTeX warning: pdflatex (file ./Documentos/ATtiny4313.pdf): PDF inclusion: fou
nd PDF version <1.6>, but at most version <1.5> allowed
<./Documentos/ATtiny4313.pdf, id=337, page=7, 614.295pt x 794.97pt>
File: ./Documentos/ATtiny4313.pdf Graphic file (type pdf)
<use ./Documentos/ATtiny4313.pdf, page 7>
Package pdftex.def Info: ./Documentos/ATtiny4313.pdf , page7 used on input line
 9.
(pdftex.def)             Requested size: 614.58406pt x 795.3441pt.
File: ./Documentos/ATtiny4313.pdf Graphic file (type pdf)
<use ./Documentos/ATtiny4313.pdf, page 7>
Package pdftex.def Info: ./Documentos/ATtiny4313.pdf , page7 used on input line
 9.
(pdftex.def)             Requested size: 614.58406pt x 795.3441pt.
File: ./Documentos/ATtiny4313.pdf Graphic file (type pdf)
<use ./Documentos/ATtiny4313.pdf, page 7>
Package pdftex.def Info: ./Documentos/ATtiny4313.pdf , page7 used on input line
 9.
(pdftex.def)             Requested size: 614.58406pt x 795.3441pt.
[32 <./Documentos/ATtiny4313.pdf>]) (main.aux
LaTeX Info: Redefining \. on input line 25.
LaTeX Info: Redefining \% on input line 25.
LaTeX Info: Redefining \. on input line 26.
LaTeX Info: Redefining \% on input line 26.
)

LaTeX Warning: There were undefined references.


LaTeX Warning: Label(s) may have changed. Rerun to get cross-references right.


Package rerunfilecheck Warning: File `main.out' has changed.
(rerunfilecheck)                Rerun to get outlines right
(rerunfilecheck)                or use package `bookmark'.

Package rerunfilecheck Info: Checksums for `main.out':
(rerunfilecheck)             Before: <no file>
(rerunfilecheck)             After:  7B649538BB62228F77198BC245EA6B75;4752.
 ) 
Here is how much of TeX's memory you used:
 14704 strings out of 478659
 248753 string characters out of 2841144
 546821 words of memory out of 3000000
 32446 multiletter control sequences out of 15000+600000
 422482 words of font info for 65 fonts, out of 8000000 for 9000
 1141 hyphenation exceptions out of 8191
 61i,17n,75p,1301b,501s stack positions out of 5000i,500n,10000p,200000b,80000s
 <C:\Users\Kendall Saborio\AppData\Local\MiKTeX\fonts/pk/ljfour/jknappen/ec/d
pi600\tcss1200.pk>{C:/Users/Kendall Saborio/AppData/Local/Programs/MiKTeX/fonts
/enc/dvips/base/8r.enc}<C:/Users/Kendall Saborio/AppData/Local/Programs/MiKTeX/
fonts/type1/public/amsfonts/cm/cmmi12.pfb><C:/Users/Kendall Saborio/AppData/Loc
al/Programs/MiKTeX/fonts/type1/public/amsfonts/cm/cmmi8.pfb><C:/Users/Kendall S
aborio/AppData/Local/Programs/MiKTeX/fonts/type1/public/amsfonts/cm/cmr12.pfb><
C:/Users/Kendall Saborio/AppData/Local/Programs/MiKTeX/fonts/type1/public/amsfo
nts/cm/cmr8.pfb><C:/Users/Kendall Saborio/AppData/Local/Programs/MiKTeX/fonts/t
ype1/public/amsfonts/cm/cmsy10.pfb><C:/Users/Kendall Saborio/AppData/Local/Prog
rams/MiKTeX/fonts/type1/public/amsfonts/cm/cmsy8.pfb><C:/Users/Kendall Saborio/
AppData/Local/Programs/MiKTeX/fonts/type1/public/amsfonts/cm/cmtt12.pfb><C:/Use
rs/Kendall Saborio/AppData/Local/Programs/MiKTeX/fonts/type1/urw/helvetic/uhvb8
a.pfb><C:/Users/Kendall Saborio/AppData/Local/Programs/MiKTeX/fonts/type1/urw/h
elvetic/uhvbo8a.pfb><C:/Users/Kendall Saborio/AppData/Local/Programs/MiKTeX/fon
ts/type1/urw/helvetic/uhvr8a.pfb><C:/Users/Kendall Saborio/AppData/Local/Progra
ms/MiKTeX/fonts/type1/urw/helvetic/uhvro8a.pfb>
Output written on main.pdf (33 pages, 1983332 bytes).
PDF statistics:
 418 PDF objects out of 1000 (max. 8388607)
 95 named destinations out of 1000 (max. 500000)
 196 words of extra memory for PDF output out of 10000 (max. 10000000)

