\BOOKMARK [1][-]{section.1}{\376\377\000I\000N\000T\000R\000O\000D\000U\000C\000C\000I\000\323\000N}{}% 1
\BOOKMARK [1][-]{section.2}{\376\377\000N\000O\000T\000A\000\040\000T\000E\000\323\000R\000I\000C\000A}{}% 2
\BOOKMARK [2][-]{subsection.2.1}{\376\377\000M\000i\000c\000r\000o\000c\000o\000n\000t\000r\000o\000l\000a\000d\000o\000r\000\040\000A\000T\000t\000i\000n\000y\0004\0003\0001\0003}{section.2}% 3
\BOOKMARK [3][-]{subsubsection.2.1.1}{\376\377\000R\000e\000g\000i\000s\000t\000r\000o\000s\000\040\000d\000e\000\040\000i\000m\000p\000o\000r\000t\000a\000n\000c\000i\000a}{subsection.2.1}% 4
\BOOKMARK [2][-]{subsection.2.2}{\376\377\000R\000e\000s\000i\000s\000t\000e\000n\000c\000i\000a\000\040\000d\000e\000\040\000p\000u\000l\000l\000-\000d\000o\000w\000n}{section.2}% 5
\BOOKMARK [2][-]{subsection.2.3}{\376\377\000C\000i\000r\000c\000u\000i\000t\000o\000\040\000p\000a\000r\000a\000\040\000l\000i\000d\000i\000a\000r\000\040\000c\000o\000n\000\040\000e\000l\000\040\000s\000w\000i\000t\000c\000h\000\040\000b\000o\000u\000n\000c\000e}{section.2}% 6
\BOOKMARK [2][-]{subsection.2.4}{\376\377\000D\000i\000s\000e\000\361\000o\000\040\000d\000e\000l\000\040\000c\000i\000r\000c\000u\000i\000t\000o\000\040\000s\000i\000m\000u\000l\000a\000d\000o\000r\000\040\000d\000e\000\040\000u\000n\000\040\000p\000a\000s\000o\000\040\000p\000e\000a\000t\000o\000n\000a\000l}{section.2}% 7
\BOOKMARK [2][-]{subsection.2.5}{\376\377\000L\000i\000s\000t\000a\000\040\000d\000e\000\040\000c\000o\000m\000p\000o\000n\000e\000n\000t\000e\000s\000\040\000y\000\040\000p\000r\000e\000c\000i\000o\000s}{section.2}% 8
\BOOKMARK [2][-]{subsection.2.6}{\376\377\000M\000\341\000q\000u\000i\000n\000a\000s\000\040\000d\000e\000\040\000e\000s\000t\000a\000d\000o\000\040\000f\000i\000n\000i\000t\000a\000s\000\040\000\050\000F\000S\000M\000\051}{section.2}% 9
\BOOKMARK [1][-]{section.3}{\376\377\000D\000E\000S\000A\000R\000R\000O\000L\000L\000O\000\040\000Y\000\040\000A\000N\000\301\000L\000I\000S\000I\000S\000\040\000D\000E\000\040\000R\000E\000S\000U\000L\000T\000A\000D\000O\000S}{}% 10
\BOOKMARK [2][-]{subsection.3.1}{\376\377\000D\000e\000s\000a\000r\000r\000o\000l\000l\000o\000\040\000d\000e\000\040\000l\000a\000\040\000s\000o\000l\000u\000c\000i\000\363\000n}{section.3}% 11
\BOOKMARK [3][-]{subsubsection.3.1.1}{\376\377\000F\000u\000n\000c\000i\000\363\000n\000\040\000i\000n\000i\000t\000\050\000\051}{subsection.3.1}% 12
\BOOKMARK [3][-]{subsubsection.3.1.2}{\376\377\000R\000u\000t\000i\000n\000a\000\040\000d\000e\000\040\000i\000n\000t\000e\000r\000r\000u\000p\000c\000i\000\363\000n\000\040\000e\000x\000t\000e\000r\000n\000a}{subsection.3.1}% 13
\BOOKMARK [3][-]{subsubsection.3.1.3}{\376\377\000R\000u\000t\000i\000n\000a\000\040\000d\000e\000\040\000i\000n\000t\000e\000r\000r\000u\000p\000c\000i\000\363\000n\000\040\000d\000e\000\040\000t\000e\000m\000p\000o\000r\000i\000z\000a\000d\000o\000r}{subsection.3.1}% 14
\BOOKMARK [3][-]{subsubsection.3.1.4}{\376\377\000F\000u\000n\000c\000i\000\363\000n\000\040\000F\000S\000M\000\050\000\051}{subsection.3.1}% 15
\BOOKMARK [3][-]{subsubsection.3.1.5}{\376\377\000F\000u\000n\000c\000i\000\363\000n\000\040\000m\000a\000i\000n\000\050\000\051}{subsection.3.1}% 16
\BOOKMARK [3][-]{subsubsection.3.1.6}{\376\377\000C\000o\000n\000s\000t\000r\000u\000c\000c\000i\000\363\000n\000\040\000d\000e\000l\000\040\000c\000i\000r\000c\000u\000i\000t\000o\000\040\000u\000t\000i\000l\000i\000z\000a\000d\000o}{subsection.3.1}% 17
\BOOKMARK [2][-]{subsection.3.2}{\376\377\000A\000n\000\341\000l\000i\000s\000i\000s\000\040\000d\000e\000\040\000l\000o\000s\000\040\000r\000e\000s\000u\000l\000t\000a\000d\000o\000s}{section.3}% 18
\BOOKMARK [3][-]{subsubsection.3.2.1}{\376\377\000F\000u\000n\000c\000i\000o\000n\000a\000m\000i\000e\000n\000t\000o\000\040\000d\000e\000l\000\040\000s\000i\000m\000u\000l\000a\000d\000o\000r\000\040\000d\000e\000l\000\040\000c\000r\000u\000c\000e\000\040\000p\000e\000a\000t\000o\000n\000a\000l\000\040\000s\000e\000g\000\372\000n\000\040\000s\000u\000\040\000e\000s\000t\000a\000d\000o}{subsection.3.2}% 19
\BOOKMARK [1][-]{section.4}{\376\377\000C\000O\000N\000C\000L\000U\000S\000I\000O\000N\000E\000S\000\040\000Y\000\040\000R\000E\000C\000O\000M\000E\000N\000D\000A\000C\000I\000O\000N\000E\000S}{}% 20
\BOOKMARK [1][-]{section.5}{\376\377\000A\000n\000e\000x\000o\000s}{}% 21
\BOOKMARK [2][-]{subsection.5.1}{\376\377\000H\000o\000j\000a\000\040\000d\000e\000l\000\040\000f\000a\000b\000r\000i\000c\000a\000n\000t\000e\000\040\000d\000e\000l\000\040\000A\000T\000t\000i\000n\000y\0002\0003\0001\0003\000\040\000A\000t\000m\000e\000l\000:\000\040\000i\000n\000f\000o\000r\000m\000a\000c\000i\000\363\000n\000\040\000g\000e\000n\000e\000r\000a\000l}{section.5}% 22
